[debug] [2025-10-17T09:51:43.497Z] ----------------------------------------------------------------------
[debug] [2025-10-17T09:51:43.504Z] Command:       /usr/local/bin/node /usr/local/bin/firebase init apphosting
[debug] [2025-10-17T09:51:43.506Z] CLI Version:   14.20.0
[debug] [2025-10-17T09:51:43.506Z] Platform:      linux
[debug] [2025-10-17T09:51:43.507Z] Node Version:  v24.10.0
[debug] [2025-10-17T09:51:43.507Z] Time:          Fri Oct 17 2025 09:51:43 GMT+0000 (Coordinated Universal Time)
[debug] [2025-10-17T09:51:43.508Z] ----------------------------------------------------------------------
[debug] 
[info] 
     ######## #### ########  ######## ########     ###     ######  ########
     ##        ##  ##     ## ##       ##     ##  ##   ##  ##       ##
     ######    ##  ########  ######   ########  #########  ######  ######
     ##        ##  ##    ##  ##       ##     ## ##     ##       ## ##
     ##       #### ##     ## ######## ########  ##     ##  ######  ########

You're about to initialize a Firebase project in this directory:

  /home/dietpi/radio-revive-admin

Before we get started, keep in mind:

  * You are initializing within an existing Firebase project directory

[info] 
=== Project Setup
[info] 
[info] First, let's associate this project directory with a Firebase project.
[info] You can create multiple project aliases by running firebase use --add, 
[info] 
[debug] [2025-10-17T09:51:44.400Z] > command requires scopes: ["email","openid","https://www.googleapis.com/auth/cloudplatformprojects.readonly","https://www.googleapis.com/auth/firebase","https://www.googleapis.com/auth/cloud-platform"]
[debug] [2025-10-17T09:51:44.401Z] > authorizing via signed-in user (bashar.jaffan@uropenn.se)
[debug] [2025-10-17T09:51:44.405Z] Checked if tokens are valid: true, expires at: 1760696307170
[debug] [2025-10-17T09:51:44.406Z] Checked if tokens are valid: true, expires at: 1760696307170
[debug] [2025-10-17T09:51:44.410Z] >>> [apiv2][query] GET https://firebase.googleapis.com/v1beta1/projects/bashify-af01b [none]
[debug] [2025-10-17T09:51:45.002Z] <<< [apiv2][status] GET https://firebase.googleapis.com/v1beta1/projects/bashify-af01b 200
[debug] [2025-10-17T09:51:45.003Z] <<< [apiv2][body] GET https://firebase.googleapis.com/v1beta1/projects/bashify-af01b {"projectId":"bashify-af01b","projectNumber":"843703440251","displayName":"Bashify","name":"projects/bashify-af01b","resources":{"hostingSite":"bashify-af01b"},"state":"ACTIVE","etag":"1_e39f234e-9997-46d6-8277-e2c22871f564"}
[info] i  Using project bashify-af01b (Bashify) . 
[info] 
=== App Hosting Setup
[debug] [2025-10-17T09:51:45.019Z] Checked if tokens are valid: true, expires at: 1760696307170
[debug] [2025-10-17T09:51:45.020Z] Checked if tokens are valid: true, expires at: 1760696307170
[debug] [2025-10-17T09:51:45.020Z] >>> [apiv2][query] GET https://cloudbilling.googleapis.com/v1/projects/bashify-af01b/billingInfo [none]
[debug] [2025-10-17T09:51:45.855Z] <<< [apiv2][status] GET https://cloudbilling.googleapis.com/v1/projects/bashify-af01b/billingInfo 200
[debug] [2025-10-17T09:51:45.855Z] <<< [apiv2][body] GET https://cloudbilling.googleapis.com/v1/projects/bashify-af01b/billingInfo {"name":"projects/bashify-af01b/billingInfo","projectId":"bashify-af01b","billingAccountName":"billingAccounts/014D05-05EBAC-DAB05B","billingEnabled":true}
[debug] [2025-10-17T09:51:45.859Z] Checked if tokens are valid: true, expires at: 1760696307170
[debug] [2025-10-17T09:51:45.859Z] Checked if tokens are valid: true, expires at: 1760696307170
[debug] [2025-10-17T09:51:45.860Z] >>> [apiv2][query] POST https://iam.googleapis.com/v1/projects/bashify-af01b/serviceAccounts/firebase-app-hosting-compute@bashify-af01b.iam.gserviceaccount.com:testIamPermissions [none]
[debug] [2025-10-17T09:51:45.860Z] >>> [apiv2][(partial)header] POST https://iam.googleapis.com/v1/projects/bashify-af01b/serviceAccounts/firebase-app-hosting-compute@bashify-af01b.iam.gserviceaccount.com:testIamPermissions x-goog-quota-user=projects/bashify-af01b
[debug] [2025-10-17T09:51:45.860Z] >>> [apiv2][body] POST https://iam.googleapis.com/v1/projects/bashify-af01b/serviceAccounts/firebase-app-hosting-compute@bashify-af01b.iam.gserviceaccount.com:testIamPermissions {"permissions":["iam.serviceAccounts.actAs"]}
[debug] [2025-10-17T09:51:46.613Z] <<< [apiv2][status] POST https://iam.googleapis.com/v1/projects/bashify-af01b/serviceAccounts/firebase-app-hosting-compute@bashify-af01b.iam.gserviceaccount.com:testIamPermissions 200
[debug] [2025-10-17T09:51:46.614Z] <<< [apiv2][body] POST https://iam.googleapis.com/v1/projects/bashify-af01b/serviceAccounts/firebase-app-hosting-compute@bashify-af01b.iam.gserviceaccount.com:testIamPermissions {"permissions":["iam.serviceAccounts.actAs"]}
[debug] [2025-10-17T09:51:46.616Z] Checked if tokens are valid: true, expires at: 1760696307170
[debug] [2025-10-17T09:51:46.616Z] Checked if tokens are valid: true, expires at: 1760696307170
[debug] [2025-10-17T09:51:46.617Z] >>> [apiv2][query] POST https://iam.googleapis.com/v1/projects/bashify-af01b/serviceAccounts [none]
[debug] [2025-10-17T09:51:46.617Z] >>> [apiv2][body] POST https://iam.googleapis.com/v1/projects/bashify-af01b/serviceAccounts {"accountId":"firebase-app-hosting-compute","serviceAccount":{"displayName":"Firebase App Hosting compute service account","description":"Default service account used to run builds and deploys for Firebase App Hosting"}}
[debug] [2025-10-17T09:51:46.943Z] <<< [apiv2][status] POST https://iam.googleapis.com/v1/projects/bashify-af01b/serviceAccounts 409
[debug] [2025-10-17T09:51:46.944Z] <<< [apiv2][body] POST https://iam.googleapis.com/v1/projects/bashify-af01b/serviceAccounts [omitted]
[debug] [2025-10-17T09:51:46.946Z] Checked if tokens are valid: true, expires at: 1760696307170
[debug] [2025-10-17T09:51:46.947Z] Checked if tokens are valid: true, expires at: 1760696307170
[debug] [2025-10-17T09:51:46.947Z] >>> [apiv2][query] POST https://cloudresourcemanager.googleapis.com/v1/projects/bashify-af01b:getIamPolicy [none]
[debug] [2025-10-17T09:51:47.790Z] <<< [apiv2][status] POST https://cloudresourcemanager.googleapis.com/v1/projects/bashify-af01b:getIamPolicy 200
[debug] [2025-10-17T09:51:47.790Z] <<< [apiv2][body] POST https://cloudresourcemanager.googleapis.com/v1/projects/bashify-af01b:getIamPolicy {"version":1,"etag":"BwZBV6mACcU=","bindings":[{"role":"roles/cloudbuild.builds.builder","members":["serviceAccount:843703440251@cloudbuild.gserviceaccount.com"]},{"role":"roles/cloudbuild.serviceAgent","members":["serviceAccount:service-843703440251@gcp-sa-cloudbuild.iam.gserviceaccount.com"]},{"role":"roles/containerregistry.ServiceAgent","members":["serviceAccount:service-843703440251@containerregistry.iam.gserviceaccount.com"]},{"role":"roles/developerconnect.readTokenAccessor","members":["serviceAccount:firebase-app-hosting-compute@bashify-af01b.iam.gserviceaccount.com"]},{"role":"roles/editor","members":["serviceAccount:843703440251-compute@developer.gserviceaccount.com"]},{"role":"roles/firebase.managementServiceAgent","members":["serviceAccount:service-843703440251@gcp-sa-firebase.iam.gserviceaccount.com"]},{"role":"roles/firebase.sdkAdminServiceAgent","members":["serviceAccount:firebase-adminsdk-fbsvc@bashify-af01b.iam.gserviceaccount.com","serviceAccount:firebase-app-hosting-compute@bashify-af01b.iam.gserviceaccount.com"]},{"role":"roles/firebaseapphosting.computeRunner","members":["serviceAccount:firebase-app-hosting-compute@bashify-af01b.iam.gserviceaccount.com"]},{"role":"roles/firebaseapphosting.serviceAgent","members":["serviceAccount:service-843703440251@gcp-sa-firebaseapphosting.iam.gserviceaccount.com"]},{"role":"roles/firebaseauth.admin","members":["serviceAccount:firebase-adminsdk-fbsvc@bashify-af01b.iam.gserviceaccount.com"]},{"role":"roles/firebaserules.system","members":["serviceAccount:service-843703440251@firebase-rules.iam.gserviceaccount.com"]},{"role":"roles/firebasestorage.serviceAgent","members":["serviceAccount:service-843703440251@gcp-sa-firebasestorage.iam.gserviceaccount.com"]},{"role":"roles/firestore.serviceAgent","members":["serviceAccount:service-843703440251@gcp-sa-firestore.iam.gserviceaccount.com"]},{"role":"roles/iam.serviceAccountTokenCreator","members":["serviceAccount:firebase-adminsdk-fbsvc@bashify-af01b.iam.gserviceaccount.com"]},{"role":"roles/owner","members":["user:bashar.jaffan@uropenn.se","user:emir.saffar@uropenn.se"]},{"role":"roles/run.serviceAgent","members":["serviceAccount:service-843703440251@serverless-robot-prod.iam.gserviceaccount.com"]},{"role":"roles/storage.admin","members":["serviceAccount:firebase-adminsdk-fbsvc@bashify-af01b.iam.gserviceaccount.com"]},{"role":"roles/storage.objectViewer","members":["serviceAccount:firebase-app-hosting-compute@bashify-af01b.iam.gserviceaccount.com"]}]}
[debug] [2025-10-17T09:51:47.792Z] Checked if tokens are valid: true, expires at: 1760696307170
[debug] [2025-10-17T09:51:47.792Z] Checked if tokens are valid: true, expires at: 1760696307170
[debug] [2025-10-17T09:51:47.793Z] >>> [apiv2][query] POST https://cloudresourcemanager.googleapis.com/v1/projects/bashify-af01b:setIamPolicy [none]
[debug] [2025-10-17T09:51:47.793Z] >>> [apiv2][body] POST https://cloudresourcemanager.googleapis.com/v1/projects/bashify-af01b:setIamPolicy {"policy":{"version":1,"etag":"BwZBV6mACcU=","bindings":[{"role":"roles/cloudbuild.builds.builder","members":["serviceAccount:843703440251@cloudbuild.gserviceaccount.com"]},{"role":"roles/cloudbuild.serviceAgent","members":["serviceAccount:service-843703440251@gcp-sa-cloudbuild.iam.gserviceaccount.com"]},{"role":"roles/containerregistry.ServiceAgent","members":["serviceAccount:service-843703440251@containerregistry.iam.gserviceaccount.com"]},{"role":"roles/developerconnect.readTokenAccessor","members":["serviceAccount:firebase-app-hosting-compute@bashify-af01b.iam.gserviceaccount.com"]},{"role":"roles/editor","members":["serviceAccount:843703440251-compute@developer.gserviceaccount.com"]},{"role":"roles/firebase.managementServiceAgent","members":["serviceAccount:service-843703440251@gcp-sa-firebase.iam.gserviceaccount.com"]},{"role":"roles/firebase.sdkAdminServiceAgent","members":["serviceAccount:firebase-adminsdk-fbsvc@bashify-af01b.iam.gserviceaccount.com","serviceAccount:firebase-app-hosting-compute@bashify-af01b.iam.gserviceaccount.com"]},{"role":"roles/firebaseapphosting.computeRunner","members":["serviceAccount:firebase-app-hosting-compute@bashify-af01b.iam.gserviceaccount.com"]},{"role":"roles/firebaseapphosting.serviceAgent","members":["serviceAccount:service-843703440251@gcp-sa-firebaseapphosting.iam.gserviceaccount.com"]},{"role":"roles/firebaseauth.admin","members":["serviceAccount:firebase-adminsdk-fbsvc@bashify-af01b.iam.gserviceaccount.com"]},{"role":"roles/firebaserules.system","members":["serviceAccount:service-843703440251@firebase-rules.iam.gserviceaccount.com"]},{"role":"roles/firebasestorage.serviceAgent","members":["serviceAccount:service-843703440251@gcp-sa-firebasestorage.iam.gserviceaccount.com"]},{"role":"roles/firestore.serviceAgent","members":["serviceAccount:service-843703440251@gcp-sa-firestore.iam.gserviceaccount.com"]},{"role":"roles/iam.serviceAccountTokenCreator","members":["serviceAccount:firebase-adminsdk-fbsvc@bashify-af01b.iam.gserviceaccount.com"]},{"role":"roles/owner","members":["user:bashar.jaffan@uropenn.se","user:emir.saffar@uropenn.se"]},{"role":"roles/run.serviceAgent","members":["serviceAccount:service-843703440251@serverless-robot-prod.iam.gserviceaccount.com"]},{"role":"roles/storage.admin","members":["serviceAccount:firebase-adminsdk-fbsvc@bashify-af01b.iam.gserviceaccount.com"]},{"role":"roles/storage.objectViewer","members":["serviceAccount:firebase-app-hosting-compute@bashify-af01b.iam.gserviceaccount.com"]}]},"updateMask":"bindings"}
[debug] [2025-10-17T09:51:48.700Z] <<< [apiv2][status] POST https://cloudresourcemanager.googleapis.com/v1/projects/bashify-af01b:setIamPolicy 200
[debug] [2025-10-17T09:51:48.701Z] <<< [apiv2][body] POST https://cloudresourcemanager.googleapis.com/v1/projects/bashify-af01b:setIamPolicy {"version":1,"etag":"BwZBV66nC3o=","bindings":[{"role":"roles/cloudbuild.builds.builder","members":["serviceAccount:843703440251@cloudbuild.gserviceaccount.com"]},{"role":"roles/cloudbuild.serviceAgent","members":["serviceAccount:service-843703440251@gcp-sa-cloudbuild.iam.gserviceaccount.com"]},{"role":"roles/containerregistry.ServiceAgent","members":["serviceAccount:service-843703440251@containerregistry.iam.gserviceaccount.com"]},{"role":"roles/developerconnect.readTokenAccessor","members":["serviceAccount:firebase-app-hosting-compute@bashify-af01b.iam.gserviceaccount.com"]},{"role":"roles/editor","members":["serviceAccount:843703440251-compute@developer.gserviceaccount.com"]},{"role":"roles/firebase.managementServiceAgent","members":["serviceAccount:service-843703440251@gcp-sa-firebase.iam.gserviceaccount.com"]},{"role":"roles/firebase.sdkAdminServiceAgent","members":["serviceAccount:firebase-adminsdk-fbsvc@bashify-af01b.iam.gserviceaccount.com","serviceAccount:firebase-app-hosting-compute@bashify-af01b.iam.gserviceaccount.com"]},{"role":"roles/firebaseapphosting.computeRunner","members":["serviceAccount:firebase-app-hosting-compute@bashify-af01b.iam.gserviceaccount.com"]},{"role":"roles/firebaseapphosting.serviceAgent","members":["serviceAccount:service-843703440251@gcp-sa-firebaseapphosting.iam.gserviceaccount.com"]},{"role":"roles/firebaseauth.admin","members":["serviceAccount:firebase-adminsdk-fbsvc@bashify-af01b.iam.gserviceaccount.com"]},{"role":"roles/firebaserules.system","members":["serviceAccount:service-843703440251@firebase-rules.iam.gserviceaccount.com"]},{"role":"roles/firebasestorage.serviceAgent","members":["serviceAccount:service-843703440251@gcp-sa-firebasestorage.iam.gserviceaccount.com"]},{"role":"roles/firestore.serviceAgent","members":["serviceAccount:service-843703440251@gcp-sa-firestore.iam.gserviceaccount.com"]},{"role":"roles/iam.serviceAccountTokenCreator","members":["serviceAccount:firebase-adminsdk-fbsvc@bashify-af01b.iam.gserviceaccount.com"]},{"role":"roles/owner","members":["user:bashar.jaffan@uropenn.se","user:emir.saffar@uropenn.se"]},{"role":"roles/run.serviceAgent","members":["serviceAccount:service-843703440251@serverless-robot-prod.iam.gserviceaccount.com"]},{"role":"roles/storage.admin","members":["serviceAccount:firebase-adminsdk-fbsvc@bashify-af01b.iam.gserviceaccount.com"]},{"role":"roles/storage.objectViewer","members":["serviceAccount:firebase-app-hosting-compute@bashify-af01b.iam.gserviceaccount.com"]}]}
[info] i  This command links your local project to Firebase App Hosting. You will be able to deploy your web app with `firebase deploy` after setup. 
[debug] [2025-10-17T09:57:42.071Z] Checked if tokens are valid: true, expires at: 1760696307170
[debug] [2025-10-17T09:57:42.072Z] Checked if tokens are valid: true, expires at: 1760696307170
[debug] [2025-10-17T09:57:42.074Z] >>> [apiv2][query] GET https://firebaseapphosting.googleapis.com/v1beta/projects/bashify-af01b/locations/-/backends 
[debug] [2025-10-17T09:57:43.132Z] <<< [apiv2][status] GET https://firebaseapphosting.googleapis.com/v1beta/projects/bashify-af01b/locations/-/backends 200
[debug] [2025-10-17T09:57:43.133Z] <<< [apiv2][body] GET https://firebaseapphosting.googleapis.com/v1beta/projects/bashify-af01b/locations/-/backends {"backends":[{"name":"projects/bashify-af01b/locations/europe-west4/backends/bashify-admin","createTime":"2025-10-17T09:39:39.502506931Z","updateTime":"2025-10-17T09:39:39.924074Z","labels":{"deployment-tool":"cli-firebase"},"uri":"bashify-admin--bashify-af01b.europe-west4.hosted.app","uid":"c498661a-2b96-4fe8-a3f6-0130d83f3a46","etag":"odmMnrMM8NnY5BZgqIlIMP7uhobazAxm1ERfY88al2c","reconciling":false,"servingLocality":"GLOBAL_ACCESS","serviceAccount":"firebase-app-hosting-compute@bashify-af01b.iam.gserviceaccount.com","appId":"1:843703440251:web:248c817882b416b9aee3de"}]}
[info] i  === Deploy local source setup 
